# JRE version: Java(TM) SE Runtime Environment (20.0.1+9) (build 20.0.1+9-29)
# Java VM: Java HotSpot(TM) 64-Bit Server VM (20.0.1+9-29, mixed mode, sharing, tiered, compressed oops, compressed class ptrs, g1 gc, windows-amd64)
GC Precious Log:
 CardTable entry size: 512
 Card Set container configuration: InlinePtr #cards 5 size 8 Array Of Cards #cards 12 size 40 Howl #buckets 4 coarsen threshold 1843 Howl Bitmap #cards 512 size 80 coarsen threshold 460 Card regions per heap region 1 cards per card region 2048
 CPUs: 8 total, 8 available
 Memory: 7926M
 Large Page Support: Disabled
 NUMA Support: Disabled
 Compressed Oops: Enabled (32-bit)
 Heap Region Size: 1M
 Heap Min Capacity: 8M
 Heap Initial Capacity: 124M
 Heap Max Capacity: 1982M
 Pre-touch: Disabled
 Parallel Workers: 8
 Concurrent Workers: 2
 Concurrent Refinement Workers: 8
 Periodic GC: Disabled
Heap:
 garbage-first heap   total 53248K, used 34858K [0x0000000084200000, 0x0000000100000000)
  region size 1024K, 11 young (11264K), 1 survivors (1024K)
 Metaspace       used 66217K, committed 66944K, reserved 1114112K
  class space    used 8482K, committed 8832K, reserved 1048576K
GC Heap History (20 events):
Event: 739.549 GC heap before
{Heap before GC invocations=119 (full 0):
 garbage-first heap   total 53248K, used 46154K [0x0000000084200000, 0x0000000100000000)
  region size 1024K, 21 young (21504K), 1 survivors (1024K)
 Metaspace       used 66214K, committed 66944K, reserved 1114112K
  class space    used 8482K, committed 8832K, reserved 1048576K
}
Event: 739.550 GC heap after
{Heap after GC invocations=120 (full 0):
 garbage-first heap   total 53248K, used 26661K [0x0000000084200000, 0x0000000100000000)
  region size 1024K, 1 young (1024K), 1 survivors (1024K)
 Metaspace       used 66214K, committed 66944K, reserved 1114112K
  class space    used 8482K, committed 8832K, reserved 1048576K
}
Event: 739.941 GC heap before
{Heap before GC invocations=120 (full 0):
 garbage-first heap   total 53248K, used 46117K [0x0000000084200000, 0x0000000100000000)
  region size 1024K, 21 young (21504K), 1 survivors (1024K)
 Metaspace       used 66216K, committed 66944K, reserved 1114112K
  class space    used 8482K, committed 8832K, reserved 1048576K
}
Event: 739.943 GC heap after
{Heap after GC invocations=121 (full 0):
 garbage-first heap   total 53248K, used 26762K [0x0000000084200000, 0x0000000100000000)
  region size 1024K, 1 young (1024K), 1 survivors (1024K)
 Metaspace       used 66216K, committed 66944K, reserved 1114112K
  class space    used 8482K, committed 8832K, reserved 1048576K
}
Event: 740.317 GC heap before
{Heap before GC invocations=122 (full 0):
 garbage-first heap   total 53248K, used 46218K [0x0000000084200000, 0x0000000100000000)
  region size 1024K, 21 young (21504K), 1 survivors (1024K)
 Metaspace       used 66216K, committed 66944K, reserved 1114112K
  class space    used 8482K, committed 8832K, reserved 1048576K
}
Event: 740.318 GC heap after
{Heap after GC invocations=123 (full 0):
 garbage-first heap   total 53248K, used 26751K [0x0000000084200000, 0x0000000100000000)
  region size 1024K, 1 young (1024K), 1 survivors (1024K)
 Metaspace       used 66216K, committed 66944K, reserved 1114112K
  class space    used 8482K, committed 8832K, reserved 1048576K
}
Event: 740.808 GC heap before
{Heap before GC invocations=123 (full 0):
 garbage-first heap   total 53248K, used 46207K [0x0000000084200000, 0x0000000100000000)
  region size 1024K, 21 young (21504K), 1 survivors (1024K)
 Metaspace       used 66216K, committed 66944K, reserved 1114112K
  class space    used 8482K, committed 8832K, reserved 1048576K
}
Event: 740.812 GC heap after
{Heap after GC invocations=124 (full 0):
 garbage-first heap   total 53248K, used 26603K [0x0000000084200000, 0x0000000100000000)
  region size 1024K, 1 young (1024K), 1 survivors (1024K)
 Metaspace       used 66216K, committed 66944K, reserved 1114112K
  class space    used 8482K, committed 8832K, reserved 1048576K
}
Event: 741.217 GC heap before
{Heap before GC invocations=125 (full 0):
 garbage-first heap   total 53248K, used 46059K [0x0000000084200000, 0x0000000100000000)
  region size 1024K, 21 young (21504K), 1 survivors (1024K)
 Metaspace       used 66216K, committed 66944K, reserved 1114112K
  class space    used 8482K, committed 8832K, reserved 1048576K
}
Event: 741.218 GC heap after
{Heap after GC invocations=126 (full 0):
 garbage-first heap   total 53248K, used 26743K [0x0000000084200000, 0x0000000100000000)
  region size 1024K, 1 young (1024K), 1 survivors (1024K)
 Metaspace       used 66216K, committed 66944K, reserved 1114112K
  class space    used 8482K, committed 8832K, reserved 1048576K
}
Event: 741.492 GC heap before
{Heap before GC invocations=126 (full 0):
 garbage-first heap   total 53248K, used 46199K [0x0000000084200000, 0x0000000100000000)
  region size 1024K, 21 young (21504K), 1 survivors (1024K)
 Metaspace       used 66216K, committed 66944K, reserved 1114112K
  class space    used 8482K, committed 8832K, reserved 1048576K
}
Event: 741.494 GC heap after
{Heap after GC invocations=127 (full 0):
 garbage-first heap   total 53248K, used 26670K [0x0000000084200000, 0x0000000100000000)
  region size 1024K, 1 young (1024K), 1 survivors (1024K)
 Metaspace       used 66216K, committed 66944K, reserved 1114112K
  class space    used 8482K, committed 8832K, reserved 1048576K
}
Event: 741.913 GC heap before
{Heap before GC invocations=128 (full 0):
 garbage-first heap   total 53248K, used 46126K [0x0000000084200000, 0x0000000100000000)
  region size 1024K, 21 young (21504K), 1 survivors (1024K)
 Metaspace       used 66216K, committed 66944K, reserved 1114112K
  class space    used 8482K, committed 8832K, reserved 1048576K
}
Event: 741.914 GC heap after
{Heap after GC invocations=129 (full 0):
 garbage-first heap   total 53248K, used 26747K [0x0000000084200000, 0x0000000100000000)
  region size 1024K, 1 young (1024K), 1 survivors (1024K)
 Metaspace       used 66216K, committed 66944K, reserved 1114112K
  class space    used 8482K, committed 8832K, reserved 1048576K
}
Event: 742.322 GC heap before
{Heap before GC invocations=129 (full 0):
 garbage-first heap   total 53248K, used 46203K [0x0000000084200000, 0x0000000100000000)
  region size 1024K, 21 young (21504K), 1 survivors (1024K)
 Metaspace       used 66216K, committed 66944K, reserved 1114112K
  class space    used 8482K, committed 8832K, reserved 1048576K
}
Event: 742.323 GC heap after
{Heap after GC invocations=130 (full 0):
 garbage-first heap   total 53248K, used 26681K [0x0000000084200000, 0x0000000100000000)
  region size 1024K, 1 young (1024K), 1 survivors (1024K)
 Metaspace       used 66216K, committed 66944K, reserved 1114112K
  class space    used 8482K, committed 8832K, reserved 1048576K
}
Event: 743.000 GC heap before
{Heap before GC invocations=131 (full 0):
 garbage-first heap   total 53248K, used 46137K [0x0000000084200000, 0x0000000100000000)
  region size 1024K, 21 young (21504K), 1 survivors (1024K)
 Metaspace       used 66216K, committed 66944K, reserved 1114112K
  class space    used 8482K, committed 8832K, reserved 1048576K
}
Event: 743.001 GC heap after
{Heap after GC invocations=132 (full 0):
 garbage-first heap   total 53248K, used 26654K [0x0000000084200000, 0x0000000100000000)
  region size 1024K, 1 young (1024K), 1 survivors (1024K)
 Metaspace       used 66216K, committed 66944K, reserved 1114112K
  class space    used 8482K, committed 8832K, reserved 1048576K
}
Event: 743.770 GC heap before
{Heap before GC invocations=132 (full 0):
 garbage-first heap   total 53248K, used 46110K [0x0000000084200000, 0x0000000100000000)
  region size 1024K, 21 young (21504K), 1 survivors (1024K)
 Metaspace       used 66217K, committed 66944K, reserved 1114112K
  class space    used 8482K, committed 8832K, reserved 1048576K
}
Event: 743.771 GC heap after
{Heap after GC invocations=133 (full 0):
 garbage-first heap   total 53248K, used 26666K [0x0000000084200000, 0x0000000100000000)
  region size 1024K, 1 young (1024K), 1 survivors (1024K)
 Metaspace       used 66217K, committed 66944K, reserved 1114112K
  class space    used 8482K, committed 8832K, reserved 1048576K
}

